{
  "RSpec": {
    "coverage": {
      "/home/zak/work/finder/lib/finder/worker_pool.rb": [
        1,
        1,
        null,
        1,
        1,
        null,
        1,
        1,
        1,
        1,
        2,
        null,
        1,
        null,
        1,
        null,
        null,
        null,
        1,
        1,
        2,
        null,
        1,
        null,
        null,
        null,
        null
      ],
      "/home/zak/work/finder/lib/finder/worker.rb": [
        1,
        1,
        1,
        null,
        1,
        0,
        null,
        null,
        null,
        0,
        null,
        null,
        null,
        1,
        0,
        null,
        null,
        null
      ],
      "/home/zak/work/finder/lib/finder/putter.rb": [
        1,
        1,
        1,
        null,
        1,
        null,
        0,
        0,
        null,
        0,
        null,
        0,
        0,
        null,
        0,
        null,
        null,
        null,
        0,
        null,
        null,
        null
      ]
    },
    "timestamp": 1339585961
  }
}
