{
  "RSpec": {
    "coverage": {
      "/home/zak/work/finder/lib/finder/worker_pool.rb": [
        1,
        1,
        null,
        1,
        1,
        null,
        1,
        2,
        2,
        null,
        null,
        2,
        2,
        4,
        null,
        2,
        2,
        null,
        null,
        1,
        2,
        null,
        null,
        null,
        null
      ],
      "/home/zak/work/finder/spec/finder/worker_spec.rb": [
        1,
        null,
        1,
        4,
        4,
        null,
        1,
        3,
        4,
        1,
        2,
        null,
        null,
        null,
        null,
        null,
        null,
        null,
        null,
        null,
        null,
        null,
        2,
        2,
        null,
        null,
        1,
        1,
        null,
        1,
        1,
        1,
        1,
        null,
        null,
        1,
        1,
        null,
        1,
        1,
        1,
        null,
        null,
        1,
        1,
        null,
        1,
        1,
        1,
        null,
        null,
        null
      ],
      "/home/zak/work/finder/lib/finder/worker.rb": [
        1,
        null,
        1,
        1,
        1,
        1,
        null,
        1,
        7,
        7,
        null,
        null,
        null,
        1,
        7,
        6,
        9,
        null,
        null,
        1,
        7,
        null,
        null,
        null
      ],
      "/home/zak/work/finder/spec/finder/putter_spec.rb": [
        1,
        null,
        1,
        5,
        5,
        null,
        1,
        5,
        1,
        1,
        1,
        1,
        1,
        1,
        1,
        1,
        1,
        null,
        1,
        1,
        1,
        1,
        1,
        1,
        1,
        1,
        1,
        null,
        1,
        2,
        2,
        2,
        2,
        2,
        2,
        2,
        2,
        null,
        2,
        2,
        3,
        null,
        1,
        1,
        null,
        1,
        1,
        1,
        null,
        null,
        1,
        1,
        1,
        null,
        1,
        1,
        1,
        null,
        null,
        1,
        1,
        null,
        1,
        1,
        1,
        null,
        null,
        1,
        1,
        1,
        1,
        1,
        null,
        1,
        1,
        null,
        null,
        null
      ],
      "/home/zak/work/finder/lib/finder/putter.rb": [
        1,
        1,
        1,
        null,
        1,
        4,
        3,
        5,
        1,
        1,
        null,
        5,
        2,
        2,
        null,
        3,
        null,
        null,
        null,
        4,
        null,
        null,
        1,
        4,
        null,
        null,
        null
      ]
    },
    "timestamp": 1339647838
  }
}
